\BOOKMARK [0][]{section*.2}{\376\377\000L\000e\000c\000t\000u\000r\000e\000\040\0001}{}% 1
\BOOKMARK [0][]{section*.3}{\376\377\000L\000e\000c\000t\000u\000r\000e\000\040\0002}{}% 2
\BOOKMARK [0][]{section*.4}{\376\377\000L\000e\000c\000t\000u\000r\000e\000\040\0003}{}% 3
\BOOKMARK [0][]{section*.5}{\376\377\000L\000e\000c\000t\000u\000r\000e\000\040\0004}{}% 4
\BOOKMARK [0][]{section*.6}{\376\377\000L\000e\000c\000t\000u\000r\000e\000\040\0005}{}% 5
\BOOKMARK [0][]{section*.7}{\376\377\000L\000e\000c\000t\000u\000r\000e\000\040\0006}{}% 6
\BOOKMARK [0][]{section*.8}{\376\377\000L\000e\000c\000t\000u\000r\000e\000\040\0007}{}% 7
\BOOKMARK [0][]{section*.9}{\376\377\000L\000e\000c\000t\000u\000r\000e\000\040\0008}{}% 8
\BOOKMARK [0][]{section*.10}{\376\377\000L\000e\000c\000t\000u\000r\000e\000\040\0009}{}% 9
\BOOKMARK [0][]{section*.11}{\376\377\000L\000e\000c\000t\000u\000r\000e\000\040\0001\0000}{}% 10
\BOOKMARK [0][]{section*.12}{\376\377\000L\000e\000c\000t\000u\000r\000e\000\040\0001\0001}{}% 11
\BOOKMARK [0][]{section*.13}{\376\377\000L\000e\000c\000t\000u\000r\000e\000\040\0001\0002}{}% 12
\BOOKMARK [0][]{section*.14}{\376\377\000L\000e\000c\000t\000u\000r\000e\000\040\0001\0003}{}% 13
\BOOKMARK [0][]{section*.15}{\376\377\000L\000e\000c\000t\000u\000r\000e\000\040\0001\0004}{}% 14
\BOOKMARK [0][]{section*.16}{\376\377\000L\000e\000c\000t\000u\000r\000e\000\040\0001\0005}{}% 15
\BOOKMARK [0][]{section*.17}{\376\377\000L\000e\000c\000t\000u\000r\000e\000\040\0001\0006}{}% 16
\BOOKMARK [0][]{section*.18}{\376\377\000L\000e\000c\000t\000u\000r\000e\000\040\0001\0008}{}% 17
\BOOKMARK [0][]{section*.19}{\376\377\000L\000e\000c\000t\000u\000r\000e\000\040\0001\0009}{}% 18
\BOOKMARK [0][]{section*.20}{\376\377\000L\000e\000c\000t\000u\000r\000e\000\040\0002\0000}{}% 19
\BOOKMARK [0][]{section*.21}{\376\377\000L\000e\000c\000t\000u\000r\000e\000\040\0002\0001}{}% 20
\BOOKMARK [0][]{section*.22}{\376\377\000L\000e\000c\000t\000u\000r\000e\000\040\0002\0002}{}% 21
\BOOKMARK [0][]{section*.23}{\376\377\000L\000e\000c\000t\000u\000r\000e\000\040\0002\0003}{}% 22
\BOOKMARK [0][]{section*.24}{\376\377\000L\000e\000c\000t\000u\000r\000e\000\040\0002\0004}{}% 23
\BOOKMARK [0][]{section*.25}{\376\377\000L\000e\000c\000t\000u\000r\000e\000\040\0002\0005}{}% 24
\BOOKMARK [0][]{section*.26}{\376\377\000L\000e\000c\000t\000u\000r\000e\000\040\0002\0007}{}% 25
\BOOKMARK [0][]{section*.27}{\376\377\000L\000e\000c\000t\000u\000r\000e\000\040\0002\0008}{}% 26
\BOOKMARK [0][]{section*.28}{\376\377\000L\000e\000c\000t\000u\000r\000e\000\040\0003\0000}{}% 27
\BOOKMARK [0][]{section*.29}{\376\377\000L\000e\000c\000t\000u\000r\000e\000\040\0003\0001}{}% 28
\BOOKMARK [0][]{section*.30}{\376\377\000L\000e\000c\000t\000u\000r\000e\000\040\0003\0002}{}% 29
\BOOKMARK [0][]{section*.31}{\376\377\000L\000e\000c\000t\000u\000r\000e\000\040\0003\0003}{}% 30
\BOOKMARK [0][]{section*.32}{\376\377\000L\000e\000c\000t\000u\000r\000e\000\040\0003\0004}{}% 31
\BOOKMARK [0][]{section*.33}{\376\377\000L\000e\000c\000t\000u\000r\000e\000\040\0003\0005}{}% 32
\BOOKMARK [0][]{section*.34}{\376\377\000L\000e\000c\000t\000u\000r\000e\000\040\0003\0006}{}% 33
